chat/build/outputs/logs/manifest-merger-debug-report.txt
-- Merging decision tree log ---
manifest
ADDED from src/main/AndroidManifest.xml:16:1-78:12
INJECTED from src/main/AndroidManifest.xml:16:1-78:12
INJECTED from src/main/AndroidManifest.xml:16:1-78:12
INJECTED from src/main/AndroidManifest.xml:16:1-78:12
INJECTED from src/main/AndroidManifest.xml:16:1-78:12
INJECTED from src/main/AndroidManifest.xml:16:1-78:12
INJECTED from src/main/AndroidManifest.xml:16:1-78:12
	package
		ADDED from src/main/AndroidManifest.xml:17:5-29
		INJECTED from src/main/AndroidManifest.xml
		INJECTED from src/main/AndroidManifest.xml
	android:versionName
		INJECTED from src/main/AndroidManifest.xml
		ADDED from src/main/AndroidManifest.xml:16:1-78:12
		INJECTED from src/main/AndroidManifest.xml
	android:versionCode
		INJECTED from src/main/AndroidManifest.xml
		ADDED from src/main/AndroidManifest.xml:16:1-78:12
		INJECTED from src/main/AndroidManifest.xml
	xmlns:android
		ADDED from src/main/AndroidManifest.xml:16:11-69
uses-permission#android.permission.ACCESS_WIFI_STATE
ADDED from src/main/AndroidManifest.xml:19:5-76
	android:name
		ADDED from src/main/AndroidManifest.xml:19:22-73
uses-permission#android.permission.CHANGE_WIFI_STATE
ADDED from src/main/AndroidManifest.xml:20:5-76
	android:name
		ADDED from src/main/AndroidManifest.xml:20:22-73
uses-permission#android.permission.VIBRATE
ADDED from src/main/AndroidManifest.xml:21:5-66
	android:name
		ADDED from src/main/AndroidManifest.xml:21:22-63
uses-permission#android.permission.WAKE_LOCK
ADDED from src/main/AndroidManifest.xml:22:5-68
	android:name
		ADDED from src/main/AndroidManifest.xml:22:22-65
uses-permission#android.permission.RECEIVE_BOOT_COMPLETED
ADDED from src/main/AndroidManifest.xml:23:5-81
	android:name
		ADDED from src/main/AndroidManifest.xml:23:22-78
uses-permission#android.permission.READ_PHONE_STATE
ADDED from src/main/AndroidManifest.xml:24:5-75
	android:name
		ADDED from src/main/AndroidManifest.xml:24:22-72
uses-permission#android.permission.INTERNET
ADDED from src/main/AndroidManifest.xml:25:5-67
	android:name
		ADDED from src/main/AndroidManifest.xml:25:22-64
uses-permission#android.permission.ACCESS_NETWORK_STATE
ADDED from src/main/AndroidManifest.xml:26:5-79
	android:name
		ADDED from src/main/AndroidManifest.xml:26:22-76
uses-permission#android.permission.WRITE_EXTERNAL_STORAGE
ADDED from src/main/AndroidManifest.xml:30:5-81
	android:name
		ADDED from src/main/AndroidManifest.xml:30:22-78
uses-permission#android.permission.READ_EXTERNAL_STORAGE
ADDED from src/main/AndroidManifest.xml:31:5-80
	android:name
		ADDED from src/main/AndroidManifest.xml:31:22-77
uses-permission#android.permission.RECORD_AUDIO
ADDED from src/main/AndroidManifest.xml:32:5-71
	android:name
		ADDED from src/main/AndroidManifest.xml:32:22-68
uses-permission#android.permission.CAMERA
ADDED from src/main/AndroidManifest.xml:33:5-65
	android:name
		ADDED from src/main/AndroidManifest.xml:33:22-62
uses-permission#android.permission.ACCESS_COARSE_LOCATION
ADDED from src/main/AndroidManifest.xml:34:5-81
	android:name
		ADDED from src/main/AndroidManifest.xml:34:22-78
uses-permission#android.permission.ACCESS_FINE_LOCATION
ADDED from src/main/AndroidManifest.xml:35:5-79
	android:name
		ADDED from src/main/AndroidManifest.xml:35:22-76
application
ADDED from src/main/AndroidManifest.xml:37:5-76:19
	android:largeHeap
		ADDED from src/main/AndroidManifest.xml:37:18-42
activity#com.qiscus.sdk.ui.QiscusChatActivity
ADDED from src/main/AndroidManifest.xml:38:9-40:50
	android:theme
		ADDED from src/main/AndroidManifest.xml:40:13-47
	android:name
		ADDED from src/main/AndroidManifest.xml:39:13-50
activity#com.qiscus.sdk.ui.QiscusGroupChatActivity
ADDED from src/main/AndroidManifest.xml:41:9-43:50
	android:theme
		ADDED from src/main/AndroidManifest.xml:43:13-47
	android:name
		ADDED from src/main/AndroidManifest.xml:42:13-55
activity#com.qiscus.sdk.ui.QiscusChannelActivity
ADDED from src/main/AndroidManifest.xml:44:9-46:50
	android:theme
		ADDED from src/main/AndroidManifest.xml:46:13-47
	android:name
		ADDED from src/main/AndroidManifest.xml:45:13-53
activity#com.qiscus.sdk.ui.QiscusAccountLinkingActivity
ADDED from src/main/AndroidManifest.xml:47:9-49:50
	android:theme
		ADDED from src/main/AndroidManifest.xml:49:13-47
	android:name
		ADDED from src/main/AndroidManifest.xml:48:13-60
activity#com.qiscus.sdk.ui.QiscusPhotoViewerActivity
ADDED from src/main/AndroidManifest.xml:50:9-52:50
	android:theme
		ADDED from src/main/AndroidManifest.xml:52:13-47
	android:name
		ADDED from src/main/AndroidManifest.xml:51:13-57
activity#com.qiscus.sdk.ui.QiscusSendPhotoConfirmationActivity
ADDED from src/main/AndroidManifest.xml:53:9-56:58
	android:windowSoftInputMode
		ADDED from src/main/AndroidManifest.xml:56:13-55
	android:theme
		ADDED from src/main/AndroidManifest.xml:55:13-47
	android:name
		ADDED from src/main/AndroidManifest.xml:54:13-67
receiver#com.qiscus.sdk.service.QiscusPushNotificationClickReceiver
ADDED from src/main/AndroidManifest.xml:58:9-64:20
	android:exported
		ADDED from src/main/AndroidManifest.xml:60:13-37
	android:name
		ADDED from src/main/AndroidManifest.xml:59:13-72
intent-filter#action:name:com.qiscus.OPEN_COMMENT_PN
ADDED from src/main/AndroidManifest.xml:61:13-63:29
action#com.qiscus.OPEN_COMMENT_PN
ADDED from src/main/AndroidManifest.xml:62:17-69
	android:name
		ADDED from src/main/AndroidManifest.xml:62:25-66
provider#android.support.v4.content.FileProvider
ADDED from src/main/AndroidManifest.xml:66:9-74:20
	android:grantUriPermissions
		ADDED from src/main/AndroidManifest.xml:70:13-47
	android:authorities
		ADDED from src/main/AndroidManifest.xml:68:13-71
	android:exported
		ADDED from src/main/AndroidManifest.xml:69:13-37
	android:name
		ADDED from src/main/AndroidManifest.xml:67:13-67
meta-data#android.support.FILE_PROVIDER_PATHS
ADDED from src/main/AndroidManifest.xml:71:13-73:65
	android:resource
		ADDED from src/main/AndroidManifest.xml:73:17-62
	android:name
		ADDED from src/main/AndroidManifest.xml:72:17-67
uses-sdk
INJECTED from src/main/AndroidManifest.xml reason: use-sdk injection requested
INJECTED from src/main/AndroidManifest.xml
INJECTED from src/main/AndroidManifest.xml
INJECTED from src/main/AndroidManifest.xml
INJECTED from src/main/AndroidManifest.xml
	android:targetSdkVersion
		INJECTED from src/main/AndroidManifest.xml
		ADDED from src/main/AndroidManifest.xml
		INJECTED from src/main/AndroidManifest.xml
	android:minSdkVersion
		INJECTED from src/main/AndroidManifest.xml
		ADDED from src/main/AndroidManifest.xml
		INJECTED from src/main/AndroidManifest.xml